29-05-2025 01:30:58 - svm - INFO - modular_svm - <module> - Project Root: /scratch/s5130727/Applied-ML
29-05-2025 01:30:58 - svm - INFO - modular_svm - <module> - Splits Directory used by SVM: /scratch/s5130727/Applied-ML/data/data_splits
29-05-2025 01:30:58 - svm - INFO - modular_svm - main_svm - Plotting outputs will be saved to: /scratch/s5130727/Applied-ML/results
29-05-2025 01:30:58 - svm - INFO - modular_svm - main_svm - 
--- Processing Fusion Configuration 1/4: eeg ---
29-05-2025 01:30:58 - svm - INFO - modular_svm - load_data - Loading data for modalities: ['eeg'] for config 'eeg'
29-05-2025 01:30:58 - svm - INFO - modular_svm - load_data - Data loaded successfully for config 'eeg'
29-05-2025 01:30:58 - svm - INFO - modular_svm - main_svm - Building SVM Pipeline and Training Model for 'eeg'...
29-05-2025 02:26:58 - svm - INFO - modular_svm - _train_svm_model_with_gridsearch - Best SVM Params from GridSearchCV: {'svm__C': 100, 'svm__gamma': 'auto'}
29-05-2025 02:26:59 - svm - INFO - modular_svm - plot_grid_search_results - GridSearchCV results plot saved to: /scratch/s5130727/Applied-ML/results/gs_results_eeg.png
/home4/s5130727/.conda/envs/AML/lib/python3.10/site-packages/sklearn/metrics/_ranking.py:379: UndefinedMetricWarning: Only one class is present in y_true. ROC AUC score is not defined in that case.
  warnings.warn(
29-05-2025 02:27:02 - svm - INFO - modular_svm - _evaluate_svm_on_test_set - SVM Test Performance (Config: eeg):
29-05-2025 02:27:02 - svm - INFO - modular_svm - _evaluate_svm_on_test_set - 
              precision    recall  f1-score   support

     Class 0       0.00      0.00      0.00         0
     Class 1       0.62      0.54      0.58        48
     Class 2       0.18      0.18      0.18        85
     Class 3       0.81      0.64      0.72       665
     Class 4       0.45      0.86      0.59       187
     Class 5       0.52      0.41      0.46       130

    accuracy                           0.61      1115
   macro avg       0.43      0.44      0.42      1115
weighted avg       0.66      0.61      0.62      1115

29-05-2025 02:27:02 - svm - INFO - modular_svm - _evaluate_svm_on_test_set - Confusion Matrix (Config: eeg):
[[  0   0   0   0   0   0]
 [  0  26   3  11   0   8]
 [  0   0  15  27  19  24]
 [  2  12  31 428 177  15]
 [  0   0   1  24 161   1]
 [  0   4  32  40   1  53]]
29-05-2025 02:27:02 - svm - INFO - modular_svm - plot_confusion_matrix - Confusion matrix plot saved to: /scratch/s5130727/Applied-ML/results/cm_eeg.png
29-05-2025 02:27:02 - svm - INFO - modular_svm - main_svm - Successfully saved best model for config 'eeg' to: /scratch/s5130727/Applied-ML/results/svm_model_eeg.joblib
29-05-2025 02:28:02 - svm - INFO - modular_svm - plot_learning_curve - Learning curve plot saved to: /scratch/s5130727/Applied-ML/results/lc_eeg.png
29-05-2025 02:28:02 - svm - INFO - modular_svm - main_svm - 
--- Processing Fusion Configuration 2/4: eeg_emg ---
29-05-2025 02:28:02 - svm - INFO - modular_svm - load_data - Loading data for modalities: ['eeg', 'emg'] for config 'eeg_emg'
29-05-2025 02:28:02 - svm - INFO - modular_svm - load_data - Data loaded successfully for config 'eeg_emg'
29-05-2025 02:28:02 - svm - INFO - modular_svm - main_svm - Building SVM Pipeline and Training Model for 'eeg_emg'...
29-05-2025 03:23:17 - svm - INFO - modular_svm - _train_svm_model_with_gridsearch - Best SVM Params from GridSearchCV: {'svm__C': 100, 'svm__gamma': 'auto'}
29-05-2025 03:23:17 - svm - INFO - modular_svm - plot_grid_search_results - GridSearchCV results plot saved to: /scratch/s5130727/Applied-ML/results/gs_results_eeg_emg.png
/home4/s5130727/.conda/envs/AML/lib/python3.10/site-packages/sklearn/metrics/_ranking.py:379: UndefinedMetricWarning: Only one class is present in y_true. ROC AUC score is not defined in that case.
  warnings.warn(
29-05-2025 03:23:21 - svm - INFO - modular_svm - _evaluate_svm_on_test_set - SVM Test Performance (Config: eeg_emg):
29-05-2025 03:23:21 - svm - INFO - modular_svm - _evaluate_svm_on_test_set - 
              precision    recall  f1-score   support

     Class 0       0.00      0.00      0.00         0
     Class 1       0.65      0.50      0.56        48
     Class 2       0.18      0.18      0.18        85
     Class 3       0.81      0.66      0.73       665
     Class 4       0.46      0.86      0.60       187
     Class 5       0.50      0.39      0.44       130

    accuracy                           0.62      1115
   macro avg       0.43      0.43      0.42      1115
weighted avg       0.66      0.62      0.62      1115

29-05-2025 03:23:21 - svm - INFO - modular_svm - _evaluate_svm_on_test_set - Confusion Matrix (Config: eeg_emg):
[[  0   0   0   0   0   0]
 [  0  24   4  12   0   8]
 [  0   0  15  28  17  25]
 [  1  10  30 438 169  17]
 [  0   0   1  24 161   1]
 [  0   3  35  40   1  51]]
29-05-2025 03:23:21 - svm - INFO - modular_svm - plot_confusion_matrix - Confusion matrix plot saved to: /scratch/s5130727/Applied-ML/results/cm_eeg_emg.png
29-05-2025 03:23:21 - svm - INFO - modular_svm - main_svm - Successfully saved best model for config 'eeg_emg' to: /scratch/s5130727/Applied-ML/results/svm_model_eeg_emg.joblib
29-05-2025 03:24:14 - svm - INFO - modular_svm - plot_learning_curve - Learning curve plot saved to: /scratch/s5130727/Applied-ML/results/lc_eeg_emg.png
29-05-2025 03:24:14 - svm - INFO - modular_svm - main_svm - 
--- Processing Fusion Configuration 3/4: eeg_eog ---
29-05-2025 03:24:14 - svm - INFO - modular_svm - load_data - Loading data for modalities: ['eeg', 'eog'] for config 'eeg_eog'
29-05-2025 03:24:14 - svm - INFO - modular_svm - load_data - Data loaded successfully for config 'eeg_eog'
29-05-2025 03:24:14 - svm - INFO - modular_svm - main_svm - Building SVM Pipeline and Training Model for 'eeg_eog'...
29-05-2025 04:19:58 - svm - INFO - modular_svm - _train_svm_model_with_gridsearch - Best SVM Params from GridSearchCV: {'svm__C': 100, 'svm__gamma': 'auto'}
29-05-2025 04:19:58 - svm - INFO - modular_svm - plot_grid_search_results - GridSearchCV results plot saved to: /scratch/s5130727/Applied-ML/results/gs_results_eeg_eog.png
/home4/s5130727/.conda/envs/AML/lib/python3.10/site-packages/sklearn/metrics/_ranking.py:379: UndefinedMetricWarning: Only one class is present in y_true. ROC AUC score is not defined in that case.
  warnings.warn(
29-05-2025 04:20:02 - svm - INFO - modular_svm - _evaluate_svm_on_test_set - SVM Test Performance (Config: eeg_eog):
29-05-2025 04:20:02 - svm - INFO - modular_svm - _evaluate_svm_on_test_set - 
              precision    recall  f1-score   support

     Class 0       0.00      0.00      0.00         0
     Class 1       0.70      0.40      0.51        48
     Class 2       0.17      0.19      0.18        85
     Class 3       0.79      0.64      0.71       665
     Class 4       0.44      0.83      0.57       187
     Class 5       0.52      0.40      0.45       130

    accuracy                           0.60      1115
   macro avg       0.44      0.41      0.40      1115
weighted avg       0.65      0.60      0.61      1115

29-05-2025 04:20:02 - svm - INFO - modular_svm - _evaluate_svm_on_test_set - Confusion Matrix (Config: eeg_eog):
[[  0   0   0   0   0   0]
 [  0  19   5  18   0   6]
 [  0   0  16  27  17  25]
 [  2   8  31 426 182  16]
 [  0   0   1  29 156   1]
 [  0   0  39  38   1  52]]
29-05-2025 04:20:02 - svm - INFO - modular_svm - plot_confusion_matrix - Confusion matrix plot saved to: /scratch/s5130727/Applied-ML/results/cm_eeg_eog.png
29-05-2025 04:20:02 - svm - INFO - modular_svm - main_svm - Successfully saved best model for config 'eeg_eog' to: /scratch/s5130727/Applied-ML/results/svm_model_eeg_eog.joblib
29-05-2025 04:20:57 - svm - INFO - modular_svm - plot_learning_curve - Learning curve plot saved to: /scratch/s5130727/Applied-ML/results/lc_eeg_eog.png
29-05-2025 04:20:57 - svm - INFO - modular_svm - main_svm - 
--- Processing Fusion Configuration 4/4: eeg_emg_eog ---
29-05-2025 04:20:57 - svm - INFO - modular_svm - load_data - Loading data for modalities: ['eeg', 'emg', 'eog'] for config 'eeg_emg_eog'
29-05-2025 04:20:57 - svm - INFO - modular_svm - load_data - Data loaded successfully for config 'eeg_emg_eog'
29-05-2025 04:20:57 - svm - INFO - modular_svm - main_svm - Building SVM Pipeline and Training Model for 'eeg_emg_eog'...
29-05-2025 05:17:25 - svm - INFO - modular_svm - _train_svm_model_with_gridsearch - Best SVM Params from GridSearchCV: {'svm__C': 100, 'svm__gamma': 'auto'}
29-05-2025 05:17:26 - svm - INFO - modular_svm - plot_grid_search_results - GridSearchCV results plot saved to: /scratch/s5130727/Applied-ML/results/gs_results_eeg_emg_eog.png
/home4/s5130727/.conda/envs/AML/lib/python3.10/site-packages/sklearn/metrics/_ranking.py:379: UndefinedMetricWarning: Only one class is present in y_true. ROC AUC score is not defined in that case.
  warnings.warn(
29-05-2025 05:17:29 - svm - INFO - modular_svm - _evaluate_svm_on_test_set - SVM Test Performance (Config: eeg_emg_eog):
29-05-2025 05:17:29 - svm - INFO - modular_svm - _evaluate_svm_on_test_set - 
              precision    recall  f1-score   support

     Class 0       0.00      0.00      0.00         0
     Class 1       0.74      0.35      0.48        48
     Class 2       0.18      0.19      0.18        85
     Class 3       0.79      0.64      0.70       665
     Class 4       0.43      0.83      0.57       187
     Class 5       0.51      0.41      0.45       130

    accuracy                           0.60      1115
   macro avg       0.44      0.40      0.40      1115
weighted avg       0.65      0.60      0.60      1115

29-05-2025 05:17:29 - svm - INFO - modular_svm - _evaluate_svm_on_test_set - Confusion Matrix (Config: eeg_emg_eog):
[[  0   0   0   0   0   0]
 [  0  17   5  20   0   6]
 [  0   0  16  27  17  25]
 [  3   6  28 424 186  18]
 [  0   0   0  30 156   1]
 [  0   0  39  37   1  53]]
29-05-2025 05:17:29 - svm - INFO - modular_svm - plot_confusion_matrix - Confusion matrix plot saved to: /scratch/s5130727/Applied-ML/results/cm_eeg_emg_eog.png
29-05-2025 05:17:29 - svm - INFO - modular_svm - main_svm - Successfully saved best model for config 'eeg_emg_eog' to: /scratch/s5130727/Applied-ML/results/svm_model_eeg_emg_eog.joblib
29-05-2025 05:18:25 - svm - INFO - modular_svm - plot_learning_curve - Learning curve plot saved to: /scratch/s5130727/Applied-ML/results/lc_eeg_emg_eog.png
29-05-2025 05:18:25 - svm - INFO - modular_svm - _log_overall_results - 

--- Overall Results for SVM Model ---
29-05-2025 05:18:25 - svm - INFO - modular_svm - _log_overall_results - 
Configuration: eeg (Processed 1 times - typically 1 per config)
29-05-2025 05:18:25 - svm - INFO - modular_svm - _log_overall_results - Mean Accuracy: 0.6126 +/- 0.0000
29-05-2025 05:18:25 - svm - INFO - modular_svm - _log_overall_results - Mean Macro F1-score: 0.4206 +/- 0.0000
/scratch/s5130727/Applied-ML/src/models/modular_svm.py:444: RuntimeWarning: Mean of empty slice
  + f"{np.nanmean(results['roc_auc_ovr']):.4f} +/- "
/home4/s5130727/.conda/envs/AML/lib/python3.10/site-packages/numpy/lib/_nanfunctions_impl.py:2019: RuntimeWarning: Degrees of freedom <= 0 for slice.
  var = nanvar(a, axis=axis, dtype=dtype, out=out, ddof=ddof,
29-05-2025 05:18:25 - svm - INFO - modular_svm - _log_overall_results - Mean ROC AUC (OVR Macro): nan +/- nan
29-05-2025 05:18:25 - svm - INFO - modular_svm - _log_overall_results - 
Configuration: eeg_emg (Processed 1 times - typically 1 per config)
29-05-2025 05:18:25 - svm - INFO - modular_svm - _log_overall_results - Mean Accuracy: 0.6179 +/- 0.0000
29-05-2025 05:18:25 - svm - INFO - modular_svm - _log_overall_results - Mean Macro F1-score: 0.4181 +/- 0.0000
29-05-2025 05:18:25 - svm - INFO - modular_svm - _log_overall_results - Mean ROC AUC (OVR Macro): nan +/- nan
29-05-2025 05:18:25 - svm - INFO - modular_svm - _log_overall_results - 
Configuration: eeg_eog (Processed 1 times - typically 1 per config)
29-05-2025 05:18:25 - svm - INFO - modular_svm - _log_overall_results - Mean Accuracy: 0.6000 +/- 0.0000
29-05-2025 05:18:25 - svm - INFO - modular_svm - _log_overall_results - Mean Macro F1-score: 0.4037 +/- 0.0000
29-05-2025 05:18:25 - svm - INFO - modular_svm - _log_overall_results - Mean ROC AUC (OVR Macro): nan +/- nan
29-05-2025 05:18:25 - svm - INFO - modular_svm - _log_overall_results - 
Configuration: eeg_emg_eog (Processed 1 times - typically 1 per config)
29-05-2025 05:18:25 - svm - INFO - modular_svm - _log_overall_results - Mean Accuracy: 0.5973 +/- 0.0000
29-05-2025 05:18:25 - svm - INFO - modular_svm - _log_overall_results - Mean Macro F1-score: 0.3990 +/- 0.0000
29-05-2025 05:18:25 - svm - INFO - modular_svm - _log_overall_results - Mean ROC AUC (OVR Macro): nan +/- nan
